<?xml version="1.0" encoding="UTF-8"?>
<!-- Generated by org.testng.reporters.JUnitReportReporter -->
<testsuite hostname="HSNMM-AbhishekB" name="sample.test.LoginTest" tests="4" failures="0" timestamp="28 Dec 2016 11:24:22 GMT" time="27.701" errors="0">
  <testcase name="loginTest" time="7.681" classname="sample.test.LoginTest"/>
  <testcase name="loginTest" time="5.330" classname="sample.test.LoginTest"/>
  <testcase name="loginTest" time="9.134" classname="sample.test.LoginTest"/>
  <testcase name="loginTest" time="5.556" classname="sample.test.LoginTest"/>
</testsuite> <!-- sample.test.LoginTest -->
