<?xml version="1.0" encoding="UTF-8"?>
<!-- Generated by org.testng.reporters.JUnitReportReporter -->
<testsuite hostname="HSNMM-AbhishekB" name="sample.test.HotelBookingTest" tests="4" failures="0" timestamp="29 Dec 2016 11:38:06 GMT" time="53.769" errors="0">
  <testcase name="checkHotelDetailsTest" time="10.033" classname="sample.test.HotelBookingTest"/>
  <testcase name="checkHotelDetailsTest" time="31.872" classname="sample.test.HotelBookingTest"/>
  <testcase name="bookHotelTest" time="5.911" classname="sample.test.HotelBookingTest"/>
  <testcase name="bookHotelTest" time="5.953" classname="sample.test.HotelBookingTest"/>
</testsuite> <!-- sample.test.HotelBookingTest -->
