<?xml version="1.0" encoding="UTF-8"?>
<!-- Generated by org.testng.reporters.JUnitReportReporter -->
<testsuite hostname="HSNMM-AbhishekB" name="sample.test.LoginTest" tests="4" failures="0" timestamp="29 Dec 2016 11:38:06 GMT" time="71.047" errors="0">
  <testcase name="loginTest" time="16.462" classname="sample.test.LoginTest"/>
  <testcase name="loginTest" time="10.082" classname="sample.test.LoginTest"/>
  <testcase name="loginTest" time="6.896" classname="sample.test.LoginTest"/>
  <testcase name="loginTest" time="37.607" classname="sample.test.LoginTest"/>
</testsuite> <!-- sample.test.LoginTest -->
