<?xml version="1.0" encoding="UTF-8"?>
<!-- Generated by org.testng.reporters.JUnitReportReporter -->
<testsuite hostname="HSNMM-AbhishekB" name="sample.test.HotelBookingTest" tests="4" failures="0" timestamp="28 Dec 2016 11:24:22 GMT" time="36.458" errors="0">
  <testcase name="bookHotelTest" time="5.752" classname="sample.test.HotelBookingTest"/>
  <testcase name="bookHotelTest" time="8.179" classname="sample.test.HotelBookingTest"/>
  <testcase name="checkHotelDetailsTest" time="14.039" classname="sample.test.HotelBookingTest"/>
  <testcase name="checkHotelDetailsTest" time="8.488" classname="sample.test.HotelBookingTest"/>
</testsuite> <!-- sample.test.HotelBookingTest -->
